<?xml version="1.0" encoding="UTF-8"?>
<testng-results ignored="0" total="3" passed="3" failed="0" skipped="0">
  <reporter-output>
  </reporter-output>
  <suite started-at="2024-11-29T12:09:32 IST" name="Suite" finished-at="2024-11-29T12:09:35 IST" duration-ms="3255">
    <groups>
    </groups>
    <test started-at="2024-11-29T12:09:32 IST" name="Test" finished-at="2024-11-29T12:09:35 IST" duration-ms="3255">
      <class name="testcases.DashBoardTest">
        <test-method is-config="true" signature="createObject()[pri:0, instance:testcases.DashBoardTest@2002fc1d]" started-at="2024-11-29T12:09:34 IST" name="createObject" finished-at="2024-11-29T12:09:34 IST" duration-ms="2" status="PASS">
          <reporter-output>
          </reporter-output>
        </test-method> <!-- createObject -->
        <test-method signature="search()[pri:3, instance:testcases.DashBoardTest@2002fc1d]" started-at="2024-11-29T12:09:34 IST" name="search" finished-at="2024-11-29T12:09:35 IST" duration-ms="1306" status="PASS">
          <reporter-output>
          </reporter-output>
        </test-method> <!-- search -->
      </class> <!-- testcases.DashBoardTest -->
      <class name="testcases.LoginTest">
        <test-method is-config="true" signature="initBrowser()[pri:0, instance:testcases.LoginTest@23348b5d]" started-at="2024-11-29T12:09:25 IST" name="initBrowser" finished-at="2024-11-29T12:09:32 IST" duration-ms="6638" status="PASS">
          <reporter-output>
          </reporter-output>
        </test-method> <!-- initBrowser -->
        <test-method is-config="true" signature="createObject()[pri:0, instance:testcases.LoginTest@23348b5d]" started-at="2024-11-29T12:09:32 IST" name="createObject" finished-at="2024-11-29T12:09:32 IST" duration-ms="22" status="PASS">
          <reporter-output>
          </reporter-output>
        </test-method> <!-- createObject -->
        <test-method signature="loginToApp()[pri:1, instance:testcases.LoginTest@23348b5d]" started-at="2024-11-29T12:09:32 IST" name="loginToApp" finished-at="2024-11-29T12:09:34 IST" duration-ms="1877" status="PASS">
          <reporter-output>
          </reporter-output>
        </test-method> <!-- loginToApp -->
        <test-method signature="verifyUrl()[pri:2, instance:testcases.LoginTest@23348b5d]" started-at="2024-11-29T12:09:34 IST" name="verifyUrl" finished-at="2024-11-29T12:09:34 IST" duration-ms="14" status="PASS">
          <reporter-output>
          </reporter-output>
        </test-method> <!-- verifyUrl -->
      </class> <!-- testcases.LoginTest -->
    </test> <!-- Test -->
  </suite> <!-- Suite -->
</testng-results>
