<?xml version="1.0" encoding="UTF-8"?>
<testng-results ignored="0" total="1" passed="1" failed="0" skipped="0">
  <reporter-output>
  </reporter-output>
  <suite started-at="2024-12-22T22:12:23 IST" name="Suite" finished-at="2024-12-22T22:12:23 IST" duration-ms="32">
    <groups>
    </groups>
    <test started-at="2024-12-22T22:12:23 IST" name="Test" finished-at="2024-12-22T22:12:23 IST" duration-ms="32">
      <class name="DemoMavenProject.DemoMavenProject.AppTest">
        <test-method signature="shouldAnswerWithTrue()[pri:0, instance:DemoMavenProject.DemoMavenProject.AppTest@6c2c1385]" started-at="2024-12-22T22:12:23 IST" name="shouldAnswerWithTrue" finished-at="2024-12-22T22:12:23 IST" duration-ms="5" status="PASS">
          <reporter-output>
          </reporter-output>
        </test-method> <!-- shouldAnswerWithTrue -->
      </class> <!-- DemoMavenProject.DemoMavenProject.AppTest -->
    </test> <!-- Test -->
  </suite> <!-- Suite -->
</testng-results>
