<?xml version="1.0" encoding="UTF-8"?>
<!-- Generated by org.testng.reporters.JUnitXMLReporter -->
<testsuite ignored="1" hostname="Khandoba" failures="0" tests="3" name="Test" time="3.255" errors="0" timestamp="2024-11-29T12:09:35 IST">
  <testcase classname="testcases.LoginTest" name="loginToApp" time="1.877"/>
  <testcase classname="testcases.LoginTest" name="verifyUrl" time="0.014"/>
  <testcase classname="testcases.DashBoardTest" name="search" time="1.306"/>
  <testcase classname="testcases.BaseTest" name="@BeforeSuite initBrowser" time="0.0">
    <ignored/>
  </testcase> <!-- @BeforeSuite initBrowser -->
</testsuite> <!-- Test -->
